<?xml version="1.0" encoding="UTF-8"?>
<testng-results ignored="0" total="12" passed="12" failed="0" skipped="0">
  <reporter-output>
  </reporter-output>
  <suite started-at="2022-02-22T09:12:56Z" name="Suite" finished-at="2022-02-22T09:15:03Z" duration-ms="126701">
    <groups>
    </groups>
    <test started-at="2022-02-22T09:12:56Z" name="Windows 7 Test" finished-at="2022-02-22T09:14:10Z" duration-ms="73231">
      <class name="com.lambdatest.Testng1">
        <test-method is-config="true" signature="setUpClass(java.lang.String, java.lang.String, java.lang.String)[pri:0, instance:com.lambdatest.Testng1@748741cb]" started-at="2022-02-22T09:12:56Z" name="setUpClass" finished-at="2022-02-22T09:13:05Z" duration-ms="9022" status="PASS">
          <params>
            <param index="0">
              <value>
                <![CDATA[Firefox]]>
              </value>
            </param>
            <param index="1">
              <value>
                <![CDATA[82.0]]>
              </value>
            </param>
            <param index="2">
              <value>
                <![CDATA[Windows 7]]>
              </value>
            </param>
          </params>
          <reporter-output>
          </reporter-output>
        </test-method> <!-- setUpClass -->
        <test-method signature="scenarioOne()[pri:0, instance:com.lambdatest.Testng1@748741cb]" started-at="2022-02-22T09:13:05Z" name="scenarioOne" finished-at="2022-02-22T09:13:06Z" duration-ms="141" status="PASS">
          <reporter-output>
          </reporter-output>
        </test-method> <!-- scenarioOne -->
        <test-method is-config="true" signature="close()[pri:0, instance:com.lambdatest.Testng1@748741cb]" started-at="2022-02-22T09:13:06Z" name="close" finished-at="2022-02-22T09:13:06Z" duration-ms="785" status="PASS">
          <reporter-output>
          </reporter-output>
        </test-method> <!-- close -->
        <test-method is-config="true" signature="setUpClass(java.lang.String, java.lang.String, java.lang.String)[pri:0, instance:com.lambdatest.Testng1@748741cb]" started-at="2022-02-22T09:13:06Z" name="setUpClass" finished-at="2022-02-22T09:13:27Z" duration-ms="20371" status="PASS">
          <params>
            <param index="0">
              <value>
                <![CDATA[Firefox]]>
              </value>
            </param>
            <param index="1">
              <value>
                <![CDATA[82.0]]>
              </value>
            </param>
            <param index="2">
              <value>
                <![CDATA[Windows 7]]>
              </value>
            </param>
          </params>
          <reporter-output>
          </reporter-output>
        </test-method> <!-- setUpClass -->
        <test-method signature="secondScenario()[pri:1, instance:com.lambdatest.Testng1@748741cb]" started-at="2022-02-22T09:13:27Z" name="secondScenario" finished-at="2022-02-22T09:13:32Z" duration-ms="4724" status="PASS">
          <reporter-output>
          </reporter-output>
        </test-method> <!-- secondScenario -->
        <test-method is-config="true" signature="close()[pri:0, instance:com.lambdatest.Testng1@748741cb]" started-at="2022-02-22T09:13:32Z" name="close" finished-at="2022-02-22T09:13:32Z" duration-ms="907" status="PASS">
          <reporter-output>
          </reporter-output>
        </test-method> <!-- close -->
        <test-method is-config="true" signature="setUpClass(java.lang.String, java.lang.String, java.lang.String)[pri:0, instance:com.lambdatest.Testng1@748741cb]" started-at="2022-02-22T09:13:32Z" name="setUpClass" finished-at="2022-02-22T09:14:07Z" duration-ms="34367" status="PASS">
          <params>
            <param index="0">
              <value>
                <![CDATA[Firefox]]>
              </value>
            </param>
            <param index="1">
              <value>
                <![CDATA[82.0]]>
              </value>
            </param>
            <param index="2">
              <value>
                <![CDATA[Windows 7]]>
              </value>
            </param>
          </params>
          <reporter-output>
          </reporter-output>
        </test-method> <!-- setUpClass -->
        <test-method signature="thirdScenario()[pri:2, instance:com.lambdatest.Testng1@748741cb]" started-at="2022-02-22T09:14:07Z" name="thirdScenario" finished-at="2022-02-22T09:14:09Z" duration-ms="1904" status="PASS">
          <reporter-output>
          </reporter-output>
        </test-method> <!-- thirdScenario -->
        <test-method is-config="true" signature="close()[pri:0, instance:com.lambdatest.Testng1@748741cb]" started-at="2022-02-22T09:14:09Z" name="close" finished-at="2022-02-22T09:14:10Z" duration-ms="987" status="PASS">
          <reporter-output>
          </reporter-output>
        </test-method> <!-- close -->
      </class> <!-- com.lambdatest.Testng1 -->
    </test> <!-- Windows 7 Test -->
    <test started-at="2022-02-22T09:12:56Z" name="MacOS Test" finished-at="2022-02-22T09:14:19Z" duration-ms="82273">
      <class name="com.lambdatest.Testng1">
        <test-method is-config="true" signature="setUpClass(java.lang.String, java.lang.String, java.lang.String)[pri:0, instance:com.lambdatest.Testng1@37fb0bed]" started-at="2022-02-22T09:12:56Z" name="setUpClass" finished-at="2022-02-22T09:13:23Z" duration-ms="26560" status="PASS">
          <params>
            <param index="0">
              <value>
                <![CDATA[MicrosoftEdge]]>
              </value>
            </param>
            <param index="1">
              <value>
                <![CDATA[87.0]]>
              </value>
            </param>
            <param index="2">
              <value>
                <![CDATA[macOS Sierra]]>
              </value>
            </param>
          </params>
          <reporter-output>
          </reporter-output>
        </test-method> <!-- setUpClass -->
        <test-method signature="scenarioOne()[pri:0, instance:com.lambdatest.Testng1@37fb0bed]" started-at="2022-02-22T09:13:23Z" name="scenarioOne" finished-at="2022-02-22T09:13:23Z" duration-ms="128" status="PASS">
          <reporter-output>
          </reporter-output>
        </test-method> <!-- scenarioOne -->
        <test-method is-config="true" signature="close()[pri:0, instance:com.lambdatest.Testng1@37fb0bed]" started-at="2022-02-22T09:13:23Z" name="close" finished-at="2022-02-22T09:13:24Z" duration-ms="561" status="PASS">
          <reporter-output>
          </reporter-output>
        </test-method> <!-- close -->
        <test-method is-config="true" signature="setUpClass(java.lang.String, java.lang.String, java.lang.String)[pri:0, instance:com.lambdatest.Testng1@37fb0bed]" started-at="2022-02-22T09:13:24Z" name="setUpClass" finished-at="2022-02-22T09:13:44Z" duration-ms="20593" status="PASS">
          <params>
            <param index="0">
              <value>
                <![CDATA[MicrosoftEdge]]>
              </value>
            </param>
            <param index="1">
              <value>
                <![CDATA[87.0]]>
              </value>
            </param>
            <param index="2">
              <value>
                <![CDATA[macOS Sierra]]>
              </value>
            </param>
          </params>
          <reporter-output>
          </reporter-output>
        </test-method> <!-- setUpClass -->
        <test-method signature="secondScenario()[pri:1, instance:com.lambdatest.Testng1@37fb0bed]" started-at="2022-02-22T09:13:44Z" name="secondScenario" finished-at="2022-02-22T09:13:50Z" duration-ms="5682" status="PASS">
          <reporter-output>
          </reporter-output>
        </test-method> <!-- secondScenario -->
        <test-method is-config="true" signature="close()[pri:0, instance:com.lambdatest.Testng1@37fb0bed]" started-at="2022-02-22T09:13:50Z" name="close" finished-at="2022-02-22T09:13:51Z" duration-ms="526" status="PASS">
          <reporter-output>
          </reporter-output>
        </test-method> <!-- close -->
        <test-method is-config="true" signature="setUpClass(java.lang.String, java.lang.String, java.lang.String)[pri:0, instance:com.lambdatest.Testng1@37fb0bed]" started-at="2022-02-22T09:13:51Z" name="setUpClass" finished-at="2022-02-22T09:14:14Z" duration-ms="23891" status="PASS">
          <params>
            <param index="0">
              <value>
                <![CDATA[MicrosoftEdge]]>
              </value>
            </param>
            <param index="1">
              <value>
                <![CDATA[87.0]]>
              </value>
            </param>
            <param index="2">
              <value>
                <![CDATA[macOS Sierra]]>
              </value>
            </param>
          </params>
          <reporter-output>
          </reporter-output>
        </test-method> <!-- setUpClass -->
        <test-method signature="thirdScenario()[pri:2, instance:com.lambdatest.Testng1@37fb0bed]" started-at="2022-02-22T09:14:14Z" name="thirdScenario" finished-at="2022-02-22T09:14:18Z" duration-ms="3619" status="PASS">
          <reporter-output>
          </reporter-output>
        </test-method> <!-- thirdScenario -->
        <test-method is-config="true" signature="close()[pri:0, instance:com.lambdatest.Testng1@37fb0bed]" started-at="2022-02-22T09:14:18Z" name="close" finished-at="2022-02-22T09:14:19Z" duration-ms="691" status="PASS">
          <reporter-output>
          </reporter-output>
        </test-method> <!-- close -->
      </class> <!-- com.lambdatest.Testng1 -->
    </test> <!-- MacOS Test -->
    <test started-at="2022-02-22T09:12:56Z" name="Windows 10" finished-at="2022-02-22T09:14:53Z" duration-ms="116568">
      <class name="com.lambdatest.Testng1">
        <test-method is-config="true" signature="setUpClass(java.lang.String, java.lang.String, java.lang.String)[pri:0, instance:com.lambdatest.Testng1@4e07b95f]" started-at="2022-02-22T09:12:56Z" name="setUpClass" finished-at="2022-02-22T09:13:08Z" duration-ms="11575" status="PASS">
          <params>
            <param index="0">
              <value>
                <![CDATA[Internet Explorer]]>
              </value>
            </param>
            <param index="1">
              <value>
                <![CDATA[11.0]]>
              </value>
            </param>
            <param index="2">
              <value>
                <![CDATA[Windows 10]]>
              </value>
            </param>
          </params>
          <reporter-output>
          </reporter-output>
        </test-method> <!-- setUpClass -->
        <test-method signature="scenarioOne()[pri:0, instance:com.lambdatest.Testng1@4e07b95f]" started-at="2022-02-22T09:13:08Z" name="scenarioOne" finished-at="2022-02-22T09:13:08Z" duration-ms="145" status="PASS">
          <reporter-output>
          </reporter-output>
        </test-method> <!-- scenarioOne -->
        <test-method is-config="true" signature="close()[pri:0, instance:com.lambdatest.Testng1@4e07b95f]" started-at="2022-02-22T09:13:08Z" name="close" finished-at="2022-02-22T09:13:08Z" duration-ms="127" status="PASS">
          <reporter-output>
          </reporter-output>
        </test-method> <!-- close -->
        <test-method is-config="true" signature="setUpClass(java.lang.String, java.lang.String, java.lang.String)[pri:0, instance:com.lambdatest.Testng1@4e07b95f]" started-at="2022-02-22T09:13:08Z" name="setUpClass" finished-at="2022-02-22T09:14:27Z" duration-ms="78642" status="PASS">
          <params>
            <param index="0">
              <value>
                <![CDATA[Internet Explorer]]>
              </value>
            </param>
            <param index="1">
              <value>
                <![CDATA[11.0]]>
              </value>
            </param>
            <param index="2">
              <value>
                <![CDATA[Windows 10]]>
              </value>
            </param>
          </params>
          <reporter-output>
          </reporter-output>
        </test-method> <!-- setUpClass -->
        <test-method signature="secondScenario()[pri:1, instance:com.lambdatest.Testng1@4e07b95f]" started-at="2022-02-22T09:14:27Z" name="secondScenario" finished-at="2022-02-22T09:14:33Z" duration-ms="5886" status="PASS">
          <reporter-output>
          </reporter-output>
        </test-method> <!-- secondScenario -->
        <test-method is-config="true" signature="close()[pri:0, instance:com.lambdatest.Testng1@4e07b95f]" started-at="2022-02-22T09:14:33Z" name="close" finished-at="2022-02-22T09:14:33Z" duration-ms="180" status="PASS">
          <reporter-output>
          </reporter-output>
        </test-method> <!-- close -->
        <test-method is-config="true" signature="setUpClass(java.lang.String, java.lang.String, java.lang.String)[pri:0, instance:com.lambdatest.Testng1@4e07b95f]" started-at="2022-02-22T09:14:33Z" name="setUpClass" finished-at="2022-02-22T09:14:50Z" duration-ms="16601" status="PASS">
          <params>
            <param index="0">
              <value>
                <![CDATA[Internet Explorer]]>
              </value>
            </param>
            <param index="1">
              <value>
                <![CDATA[11.0]]>
              </value>
            </param>
            <param index="2">
              <value>
                <![CDATA[Windows 10]]>
              </value>
            </param>
          </params>
          <reporter-output>
          </reporter-output>
        </test-method> <!-- setUpClass -->
        <test-method signature="thirdScenario()[pri:2, instance:com.lambdatest.Testng1@4e07b95f]" started-at="2022-02-22T09:14:50Z" name="thirdScenario" finished-at="2022-02-22T09:14:53Z" duration-ms="3286" status="PASS">
          <reporter-output>
          </reporter-output>
        </test-method> <!-- thirdScenario -->
        <test-method is-config="true" signature="close()[pri:0, instance:com.lambdatest.Testng1@4e07b95f]" started-at="2022-02-22T09:14:53Z" name="close" finished-at="2022-02-22T09:14:53Z" duration-ms="105" status="PASS">
          <reporter-output>
          </reporter-output>
        </test-method> <!-- close -->
      </class> <!-- com.lambdatest.Testng1 -->
    </test> <!-- Windows 10 -->
    <test started-at="2022-02-22T09:12:56Z" name="Windows 10 Test" finished-at="2022-02-22T09:15:03Z" duration-ms="126701">
      <class name="com.lambdatest.Testng1">
        <test-method is-config="true" signature="setUpClass(java.lang.String, java.lang.String, java.lang.String)[pri:0, instance:com.lambdatest.Testng1@1c852c0f]" started-at="2022-02-22T09:12:56Z" name="setUpClass" finished-at="2022-02-22T09:13:47Z" duration-ms="50338" status="PASS">
          <params>
            <param index="0">
              <value>
                <![CDATA[Chrome]]>
              </value>
            </param>
            <param index="1">
              <value>
                <![CDATA[88.0]]>
              </value>
            </param>
            <param index="2">
              <value>
                <![CDATA[Windows 10]]>
              </value>
            </param>
          </params>
          <reporter-output>
          </reporter-output>
        </test-method> <!-- setUpClass -->
        <test-method signature="scenarioOne()[pri:0, instance:com.lambdatest.Testng1@1c852c0f]" started-at="2022-02-22T09:13:47Z" name="scenarioOne" finished-at="2022-02-22T09:13:47Z" duration-ms="97" status="PASS">
          <reporter-output>
          </reporter-output>
        </test-method> <!-- scenarioOne -->
        <test-method is-config="true" signature="close()[pri:0, instance:com.lambdatest.Testng1@1c852c0f]" started-at="2022-02-22T09:13:47Z" name="close" finished-at="2022-02-22T09:13:47Z" duration-ms="177" status="PASS">
          <reporter-output>
          </reporter-output>
        </test-method> <!-- close -->
        <test-method is-config="true" signature="setUpClass(java.lang.String, java.lang.String, java.lang.String)[pri:0, instance:com.lambdatest.Testng1@1c852c0f]" started-at="2022-02-22T09:13:47Z" name="setUpClass" finished-at="2022-02-22T09:14:38Z" duration-ms="51240" status="PASS">
          <params>
            <param index="0">
              <value>
                <![CDATA[Chrome]]>
              </value>
            </param>
            <param index="1">
              <value>
                <![CDATA[88.0]]>
              </value>
            </param>
            <param index="2">
              <value>
                <![CDATA[Windows 10]]>
              </value>
            </param>
          </params>
          <reporter-output>
          </reporter-output>
        </test-method> <!-- setUpClass -->
        <test-method signature="secondScenario()[pri:1, instance:com.lambdatest.Testng1@1c852c0f]" started-at="2022-02-22T09:14:38Z" name="secondScenario" finished-at="2022-02-22T09:14:44Z" duration-ms="5225" status="PASS">
          <reporter-output>
          </reporter-output>
        </test-method> <!-- secondScenario -->
        <test-method is-config="true" signature="close()[pri:0, instance:com.lambdatest.Testng1@1c852c0f]" started-at="2022-02-22T09:14:44Z" name="close" finished-at="2022-02-22T09:14:44Z" duration-ms="248" status="PASS">
          <reporter-output>
          </reporter-output>
        </test-method> <!-- close -->
        <test-method is-config="true" signature="setUpClass(java.lang.String, java.lang.String, java.lang.String)[pri:0, instance:com.lambdatest.Testng1@1c852c0f]" started-at="2022-02-22T09:14:44Z" name="setUpClass" finished-at="2022-02-22T09:15:01Z" duration-ms="17312" status="PASS">
          <params>
            <param index="0">
              <value>
                <![CDATA[Chrome]]>
              </value>
            </param>
            <param index="1">
              <value>
                <![CDATA[88.0]]>
              </value>
            </param>
            <param index="2">
              <value>
                <![CDATA[Windows 10]]>
              </value>
            </param>
          </params>
          <reporter-output>
          </reporter-output>
        </test-method> <!-- setUpClass -->
        <test-method signature="thirdScenario()[pri:2, instance:com.lambdatest.Testng1@1c852c0f]" started-at="2022-02-22T09:15:01Z" name="thirdScenario" finished-at="2022-02-22T09:15:03Z" duration-ms="1803" status="PASS">
          <reporter-output>
          </reporter-output>
        </test-method> <!-- thirdScenario -->
        <test-method is-config="true" signature="close()[pri:0, instance:com.lambdatest.Testng1@1c852c0f]" started-at="2022-02-22T09:15:03Z" name="close" finished-at="2022-02-22T09:15:03Z" duration-ms="240" status="PASS">
          <reporter-output>
          </reporter-output>
        </test-method> <!-- close -->
      </class> <!-- com.lambdatest.Testng1 -->
    </test> <!-- Windows 10 Test -->
  </suite> <!-- Suite -->
</testng-results>
