<?xml version="1.0" encoding="UTF-8"?>
<testng-results ignored="0" total="12" passed="12" failed="0" skipped="0">
  <reporter-output>
  </reporter-output>
  <suite started-at="2022-02-22T05:58:16Z" name="Suite" finished-at="2022-02-22T06:00:00Z" duration-ms="103928">
    <groups>
    </groups>
    <test started-at="2022-02-22T05:58:16Z" name="Windows 7 Test" finished-at="2022-02-22T05:59:19Z" duration-ms="63182">
      <class name="com.lambdatest.Testng1">
        <test-method is-config="true" signature="setUpClass(java.lang.String, java.lang.String, java.lang.String)[pri:0, instance:com.lambdatest.Testng1@748741cb]" started-at="2022-02-22T05:58:16Z" name="setUpClass" finished-at="2022-02-22T05:58:37Z" duration-ms="20587" status="PASS">
          <params>
            <param index="0">
              <value>
                <![CDATA[Firefox]]>
              </value>
            </param>
            <param index="1">
              <value>
                <![CDATA[82.0]]>
              </value>
            </param>
            <param index="2">
              <value>
                <![CDATA[Windows 7]]>
              </value>
            </param>
          </params>
          <reporter-output>
          </reporter-output>
        </test-method> <!-- setUpClass -->
        <test-method signature="scenarioOne()[pri:0, instance:com.lambdatest.Testng1@748741cb]" started-at="2022-02-22T05:58:37Z" name="scenarioOne" finished-at="2022-02-22T05:58:37Z" duration-ms="216" status="PASS">
          <reporter-output>
          </reporter-output>
        </test-method> <!-- scenarioOne -->
        <test-method is-config="true" signature="close()[pri:0, instance:com.lambdatest.Testng1@748741cb]" started-at="2022-02-22T05:58:37Z" name="close" finished-at="2022-02-22T05:58:38Z" duration-ms="937" status="PASS">
          <reporter-output>
          </reporter-output>
        </test-method> <!-- close -->
        <test-method is-config="true" signature="setUpClass(java.lang.String, java.lang.String, java.lang.String)[pri:0, instance:com.lambdatest.Testng1@748741cb]" started-at="2022-02-22T05:58:38Z" name="setUpClass" finished-at="2022-02-22T05:58:55Z" duration-ms="17500" status="PASS">
          <params>
            <param index="0">
              <value>
                <![CDATA[Firefox]]>
              </value>
            </param>
            <param index="1">
              <value>
                <![CDATA[82.0]]>
              </value>
            </param>
            <param index="2">
              <value>
                <![CDATA[Windows 7]]>
              </value>
            </param>
          </params>
          <reporter-output>
          </reporter-output>
        </test-method> <!-- setUpClass -->
        <test-method signature="secondScenario()[pri:1, instance:com.lambdatest.Testng1@748741cb]" started-at="2022-02-22T05:58:55Z" name="secondScenario" finished-at="2022-02-22T05:59:00Z" duration-ms="4628" status="PASS">
          <reporter-output>
          </reporter-output>
        </test-method> <!-- secondScenario -->
        <test-method is-config="true" signature="close()[pri:0, instance:com.lambdatest.Testng1@748741cb]" started-at="2022-02-22T05:59:00Z" name="close" finished-at="2022-02-22T05:59:01Z" duration-ms="803" status="PASS">
          <reporter-output>
          </reporter-output>
        </test-method> <!-- close -->
        <test-method is-config="true" signature="setUpClass(java.lang.String, java.lang.String, java.lang.String)[pri:0, instance:com.lambdatest.Testng1@748741cb]" started-at="2022-02-22T05:59:01Z" name="setUpClass" finished-at="2022-02-22T05:59:16Z" duration-ms="15570" status="PASS">
          <params>
            <param index="0">
              <value>
                <![CDATA[Firefox]]>
              </value>
            </param>
            <param index="1">
              <value>
                <![CDATA[82.0]]>
              </value>
            </param>
            <param index="2">
              <value>
                <![CDATA[Windows 7]]>
              </value>
            </param>
          </params>
          <reporter-output>
          </reporter-output>
        </test-method> <!-- setUpClass -->
        <test-method signature="thirdScenario()[pri:2, instance:com.lambdatest.Testng1@748741cb]" started-at="2022-02-22T05:59:16Z" name="thirdScenario" finished-at="2022-02-22T05:59:18Z" duration-ms="2045" status="PASS">
          <reporter-output>
          </reporter-output>
        </test-method> <!-- thirdScenario -->
        <test-method is-config="true" signature="close()[pri:0, instance:com.lambdatest.Testng1@748741cb]" started-at="2022-02-22T05:59:18Z" name="close" finished-at="2022-02-22T05:59:19Z" duration-ms="869" status="PASS">
          <reporter-output>
          </reporter-output>
        </test-method> <!-- close -->
      </class> <!-- com.lambdatest.Testng1 -->
    </test> <!-- Windows 7 Test -->
    <test started-at="2022-02-22T05:58:16Z" name="MacOS Test" finished-at="2022-02-22T05:59:20Z" duration-ms="64058">
      <class name="com.lambdatest.Testng1">
        <test-method is-config="true" signature="setUpClass(java.lang.String, java.lang.String, java.lang.String)[pri:0, instance:com.lambdatest.Testng1@37fb0bed]" started-at="2022-02-22T05:58:16Z" name="setUpClass" finished-at="2022-02-22T05:58:38Z" duration-ms="22036" status="PASS">
          <params>
            <param index="0">
              <value>
                <![CDATA[MicrosoftEdge]]>
              </value>
            </param>
            <param index="1">
              <value>
                <![CDATA[87.0]]>
              </value>
            </param>
            <param index="2">
              <value>
                <![CDATA[macOS Sierra]]>
              </value>
            </param>
          </params>
          <reporter-output>
          </reporter-output>
        </test-method> <!-- setUpClass -->
        <test-method signature="scenarioOne()[pri:0, instance:com.lambdatest.Testng1@37fb0bed]" started-at="2022-02-22T05:58:38Z" name="scenarioOne" finished-at="2022-02-22T05:58:38Z" duration-ms="127" status="PASS">
          <reporter-output>
          </reporter-output>
        </test-method> <!-- scenarioOne -->
        <test-method is-config="true" signature="close()[pri:0, instance:com.lambdatest.Testng1@37fb0bed]" started-at="2022-02-22T05:58:38Z" name="close" finished-at="2022-02-22T05:58:39Z" duration-ms="375" status="PASS">
          <reporter-output>
          </reporter-output>
        </test-method> <!-- close -->
        <test-method is-config="true" signature="setUpClass(java.lang.String, java.lang.String, java.lang.String)[pri:0, instance:com.lambdatest.Testng1@37fb0bed]" started-at="2022-02-22T05:58:39Z" name="setUpClass" finished-at="2022-02-22T05:58:57Z" duration-ms="18878" status="PASS">
          <params>
            <param index="0">
              <value>
                <![CDATA[MicrosoftEdge]]>
              </value>
            </param>
            <param index="1">
              <value>
                <![CDATA[87.0]]>
              </value>
            </param>
            <param index="2">
              <value>
                <![CDATA[macOS Sierra]]>
              </value>
            </param>
          </params>
          <reporter-output>
          </reporter-output>
        </test-method> <!-- setUpClass -->
        <test-method signature="secondScenario()[pri:1, instance:com.lambdatest.Testng1@37fb0bed]" started-at="2022-02-22T05:58:57Z" name="secondScenario" finished-at="2022-02-22T05:59:02Z" duration-ms="4584" status="PASS">
          <reporter-output>
          </reporter-output>
        </test-method> <!-- secondScenario -->
        <test-method is-config="true" signature="close()[pri:0, instance:com.lambdatest.Testng1@37fb0bed]" started-at="2022-02-22T05:59:02Z" name="close" finished-at="2022-02-22T05:59:02Z" duration-ms="374" status="PASS">
          <reporter-output>
          </reporter-output>
        </test-method> <!-- close -->
        <test-method is-config="true" signature="setUpClass(java.lang.String, java.lang.String, java.lang.String)[pri:0, instance:com.lambdatest.Testng1@37fb0bed]" started-at="2022-02-22T05:59:02Z" name="setUpClass" finished-at="2022-02-22T05:59:18Z" duration-ms="15184" status="PASS">
          <params>
            <param index="0">
              <value>
                <![CDATA[MicrosoftEdge]]>
              </value>
            </param>
            <param index="1">
              <value>
                <![CDATA[87.0]]>
              </value>
            </param>
            <param index="2">
              <value>
                <![CDATA[macOS Sierra]]>
              </value>
            </param>
          </params>
          <reporter-output>
          </reporter-output>
        </test-method> <!-- setUpClass -->
        <test-method signature="thirdScenario()[pri:2, instance:com.lambdatest.Testng1@37fb0bed]" started-at="2022-02-22T05:59:18Z" name="thirdScenario" finished-at="2022-02-22T05:59:20Z" duration-ms="2033" status="PASS">
          <reporter-output>
          </reporter-output>
        </test-method> <!-- thirdScenario -->
        <test-method is-config="true" signature="close()[pri:0, instance:com.lambdatest.Testng1@37fb0bed]" started-at="2022-02-22T05:59:20Z" name="close" finished-at="2022-02-22T05:59:20Z" duration-ms="440" status="PASS">
          <reporter-output>
          </reporter-output>
        </test-method> <!-- close -->
      </class> <!-- com.lambdatest.Testng1 -->
    </test> <!-- MacOS Test -->
    <test started-at="2022-02-22T05:58:16Z" name="Windows 10 Test" finished-at="2022-02-22T05:59:59Z" duration-ms="102813">
      <class name="com.lambdatest.Testng1">
        <test-method is-config="true" signature="setUpClass(java.lang.String, java.lang.String, java.lang.String)[pri:0, instance:com.lambdatest.Testng1@1c852c0f]" started-at="2022-02-22T05:58:16Z" name="setUpClass" finished-at="2022-02-22T05:58:26Z" duration-ms="9898" status="PASS">
          <params>
            <param index="0">
              <value>
                <![CDATA[Chrome]]>
              </value>
            </param>
            <param index="1">
              <value>
                <![CDATA[88.0]]>
              </value>
            </param>
            <param index="2">
              <value>
                <![CDATA[Windows 10]]>
              </value>
            </param>
          </params>
          <reporter-output>
          </reporter-output>
        </test-method> <!-- setUpClass -->
        <test-method signature="scenarioOne()[pri:0, instance:com.lambdatest.Testng1@1c852c0f]" started-at="2022-02-22T05:58:26Z" name="scenarioOne" finished-at="2022-02-22T05:58:26Z" duration-ms="92" status="PASS">
          <reporter-output>
          </reporter-output>
        </test-method> <!-- scenarioOne -->
        <test-method is-config="true" signature="close()[pri:0, instance:com.lambdatest.Testng1@1c852c0f]" started-at="2022-02-22T05:58:26Z" name="close" finished-at="2022-02-22T05:58:26Z" duration-ms="165" status="PASS">
          <reporter-output>
          </reporter-output>
        </test-method> <!-- close -->
        <test-method is-config="true" signature="setUpClass(java.lang.String, java.lang.String, java.lang.String)[pri:0, instance:com.lambdatest.Testng1@1c852c0f]" started-at="2022-02-22T05:58:26Z" name="setUpClass" finished-at="2022-02-22T05:59:35Z" duration-ms="68814" status="PASS">
          <params>
            <param index="0">
              <value>
                <![CDATA[Chrome]]>
              </value>
            </param>
            <param index="1">
              <value>
                <![CDATA[88.0]]>
              </value>
            </param>
            <param index="2">
              <value>
                <![CDATA[Windows 10]]>
              </value>
            </param>
          </params>
          <reporter-output>
          </reporter-output>
        </test-method> <!-- setUpClass -->
        <test-method signature="secondScenario()[pri:1, instance:com.lambdatest.Testng1@1c852c0f]" started-at="2022-02-22T05:59:35Z" name="secondScenario" finished-at="2022-02-22T05:59:39Z" duration-ms="4479" status="PASS">
          <reporter-output>
          </reporter-output>
        </test-method> <!-- secondScenario -->
        <test-method is-config="true" signature="close()[pri:0, instance:com.lambdatest.Testng1@1c852c0f]" started-at="2022-02-22T05:59:39Z" name="close" finished-at="2022-02-22T05:59:40Z" duration-ms="177" status="PASS">
          <reporter-output>
          </reporter-output>
        </test-method> <!-- close -->
        <test-method is-config="true" signature="setUpClass(java.lang.String, java.lang.String, java.lang.String)[pri:0, instance:com.lambdatest.Testng1@1c852c0f]" started-at="2022-02-22T05:59:40Z" name="setUpClass" finished-at="2022-02-22T05:59:57Z" duration-ms="16981" status="PASS">
          <params>
            <param index="0">
              <value>
                <![CDATA[Chrome]]>
              </value>
            </param>
            <param index="1">
              <value>
                <![CDATA[88.0]]>
              </value>
            </param>
            <param index="2">
              <value>
                <![CDATA[Windows 10]]>
              </value>
            </param>
          </params>
          <reporter-output>
          </reporter-output>
        </test-method> <!-- setUpClass -->
        <test-method signature="thirdScenario()[pri:2, instance:com.lambdatest.Testng1@1c852c0f]" started-at="2022-02-22T05:59:57Z" name="thirdScenario" finished-at="2022-02-22T05:59:59Z" duration-ms="1952" status="PASS">
          <reporter-output>
          </reporter-output>
        </test-method> <!-- thirdScenario -->
        <test-method is-config="true" signature="close()[pri:0, instance:com.lambdatest.Testng1@1c852c0f]" started-at="2022-02-22T05:59:59Z" name="close" finished-at="2022-02-22T05:59:59Z" duration-ms="227" status="PASS">
          <reporter-output>
          </reporter-output>
        </test-method> <!-- close -->
      </class> <!-- com.lambdatest.Testng1 -->
    </test> <!-- Windows 10 Test -->
    <test started-at="2022-02-22T05:58:16Z" name="Windows 10" finished-at="2022-02-22T06:00:00Z" duration-ms="103927">
      <class name="com.lambdatest.Testng1">
        <test-method is-config="true" signature="setUpClass(java.lang.String, java.lang.String, java.lang.String)[pri:0, instance:com.lambdatest.Testng1@4e07b95f]" started-at="2022-02-22T05:58:16Z" name="setUpClass" finished-at="2022-02-22T05:58:26Z" duration-ms="9840" status="PASS">
          <params>
            <param index="0">
              <value>
                <![CDATA[Internet Explorer]]>
              </value>
            </param>
            <param index="1">
              <value>
                <![CDATA[11.0]]>
              </value>
            </param>
            <param index="2">
              <value>
                <![CDATA[Windows 10]]>
              </value>
            </param>
          </params>
          <reporter-output>
          </reporter-output>
        </test-method> <!-- setUpClass -->
        <test-method signature="scenarioOne()[pri:0, instance:com.lambdatest.Testng1@4e07b95f]" started-at="2022-02-22T05:58:26Z" name="scenarioOne" finished-at="2022-02-22T05:58:26Z" duration-ms="121" status="PASS">
          <reporter-output>
          </reporter-output>
        </test-method> <!-- scenarioOne -->
        <test-method is-config="true" signature="close()[pri:0, instance:com.lambdatest.Testng1@4e07b95f]" started-at="2022-02-22T05:58:26Z" name="close" finished-at="2022-02-22T05:58:26Z" duration-ms="134" status="PASS">
          <reporter-output>
          </reporter-output>
        </test-method> <!-- close -->
        <test-method is-config="true" signature="setUpClass(java.lang.String, java.lang.String, java.lang.String)[pri:0, instance:com.lambdatest.Testng1@4e07b95f]" started-at="2022-02-22T05:58:26Z" name="setUpClass" finished-at="2022-02-22T05:59:36Z" duration-ms="69985" status="PASS">
          <params>
            <param index="0">
              <value>
                <![CDATA[Internet Explorer]]>
              </value>
            </param>
            <param index="1">
              <value>
                <![CDATA[11.0]]>
              </value>
            </param>
            <param index="2">
              <value>
                <![CDATA[Windows 10]]>
              </value>
            </param>
          </params>
          <reporter-output>
          </reporter-output>
        </test-method> <!-- setUpClass -->
        <test-method signature="secondScenario()[pri:1, instance:com.lambdatest.Testng1@4e07b95f]" started-at="2022-02-22T05:59:36Z" name="secondScenario" finished-at="2022-02-22T05:59:42Z" duration-ms="6019" status="PASS">
          <reporter-output>
          </reporter-output>
        </test-method> <!-- secondScenario -->
        <test-method is-config="true" signature="close()[pri:0, instance:com.lambdatest.Testng1@4e07b95f]" started-at="2022-02-22T05:59:42Z" name="close" finished-at="2022-02-22T05:59:42Z" duration-ms="109" status="PASS">
          <reporter-output>
          </reporter-output>
        </test-method> <!-- close -->
        <test-method is-config="true" signature="setUpClass(java.lang.String, java.lang.String, java.lang.String)[pri:0, instance:com.lambdatest.Testng1@4e07b95f]" started-at="2022-02-22T05:59:42Z" name="setUpClass" finished-at="2022-02-22T05:59:56Z" duration-ms="14199" status="PASS">
          <params>
            <param index="0">
              <value>
                <![CDATA[Internet Explorer]]>
              </value>
            </param>
            <param index="1">
              <value>
                <![CDATA[11.0]]>
              </value>
            </param>
            <param index="2">
              <value>
                <![CDATA[Windows 10]]>
              </value>
            </param>
          </params>
          <reporter-output>
          </reporter-output>
        </test-method> <!-- setUpClass -->
        <test-method signature="thirdScenario()[pri:2, instance:com.lambdatest.Testng1@4e07b95f]" started-at="2022-02-22T05:59:56Z" name="thirdScenario" finished-at="2022-02-22T06:00:00Z" duration-ms="3382" status="PASS">
          <reporter-output>
          </reporter-output>
        </test-method> <!-- thirdScenario -->
        <test-method is-config="true" signature="close()[pri:0, instance:com.lambdatest.Testng1@4e07b95f]" started-at="2022-02-22T06:00:00Z" name="close" finished-at="2022-02-22T06:00:00Z" duration-ms="112" status="PASS">
          <reporter-output>
          </reporter-output>
        </test-method> <!-- close -->
      </class> <!-- com.lambdatest.Testng1 -->
    </test> <!-- Windows 10 -->
  </suite> <!-- Suite -->
</testng-results>
