<?xml version="1.0" encoding="UTF-8"?>
<!-- Generated by org.testng.reporters.JUnitXMLReporter -->
<testsuite ignored="0" hostname="muthugomathis-seleinumad-3rj9aub1yds" failures="0" tests="3" name="MacOS Test" time="82.273" errors="0" timestamp="22 Feb 2022 09:14:19 GMT">
  <testcase classname="com.lambdatest.Testng1" name="scenarioOne" time="0.128"/>
  <testcase classname="com.lambdatest.Testng1" name="secondScenario" time="5.682"/>
  <testcase classname="com.lambdatest.Testng1" name="thirdScenario" time="3.619"/>
</testsuite> <!-- MacOS Test -->
