<?xml version="1.0" encoding="UTF-8"?>
<!-- Generated by org.testng.reporters.JUnitXMLReporter -->
<testsuite ignored="0" hostname="muthugomathis-seleinumad-3rj9aub1yds" failures="0" tests="3" name="Windows 10" time="116.568" errors="0" timestamp="22 Feb 2022 09:14:53 GMT">
  <testcase classname="com.lambdatest.Testng1" name="scenarioOne" time="0.145"/>
  <testcase classname="com.lambdatest.Testng1" name="secondScenario" time="5.886"/>
  <testcase classname="com.lambdatest.Testng1" name="thirdScenario" time="3.286"/>
</testsuite> <!-- Windows 10 -->
