<?xml version="1.0" encoding="UTF-8"?>
<!-- Generated by org.testng.reporters.JUnitXMLReporter -->
<testsuite ignored="0" hostname="muthugomathis-seleinumad-3rj9aub1yds" failures="0" tests="3" name="Windows 7 Test" time="73.231" errors="0" timestamp="22 Feb 2022 09:14:10 GMT">
  <testcase classname="com.lambdatest.Testng1" name="scenarioOne" time="0.141"/>
  <testcase classname="com.lambdatest.Testng1" name="secondScenario" time="4.724"/>
  <testcase classname="com.lambdatest.Testng1" name="thirdScenario" time="1.904"/>
</testsuite> <!-- Windows 7 Test -->
