<?xml version="1.0" encoding="UTF-8"?>
<!-- Generated by org.testng.reporters.JUnitXMLReporter -->
<testsuite ignored="0" hostname="muthugomathis-seleinumad-3rj9aub1yds" failures="0" tests="3" name="Windows 10 Test" time="126.701" errors="0" timestamp="22 Feb 2022 09:15:03 GMT">
  <testcase classname="com.lambdatest.Testng1" name="scenarioOne" time="0.097"/>
  <testcase classname="com.lambdatest.Testng1" name="secondScenario" time="5.225"/>
  <testcase classname="com.lambdatest.Testng1" name="thirdScenario" time="1.803"/>
</testsuite> <!-- Windows 10 Test -->
