<?xml version="1.0" encoding="UTF-8"?>
<!-- Generated by org.testng.reporters.JUnitXMLReporter -->
<testsuite ignored="0" hostname="muthugomathis-seleinumad-9oyvttmjiv2" failures="0" tests="3" name="Windows 10 Test" time="102.813" errors="0" timestamp="22 Feb 2022 05:59:59 GMT">
  <testcase classname="com.lambdatest.Testng1" name="scenarioOne" time="0.092"/>
  <testcase classname="com.lambdatest.Testng1" name="secondScenario" time="4.479"/>
  <testcase classname="com.lambdatest.Testng1" name="thirdScenario" time="1.952"/>
</testsuite> <!-- Windows 10 Test -->
