<?xml version="1.0" encoding="UTF-8"?>
<!-- Generated by org.testng.reporters.JUnitXMLReporter -->
<testsuite ignored="0" hostname="muthugomathis-seleinumad-9oyvttmjiv2" failures="0" tests="3" name="Windows 7 Test" time="63.182" errors="0" timestamp="22 Feb 2022 05:59:19 GMT">
  <testcase classname="com.lambdatest.Testng1" name="scenarioOne" time="0.216"/>
  <testcase classname="com.lambdatest.Testng1" name="secondScenario" time="4.628"/>
  <testcase classname="com.lambdatest.Testng1" name="thirdScenario" time="2.045"/>
</testsuite> <!-- Windows 7 Test -->
