<?xml version="1.0" encoding="UTF-8"?>
<!-- Generated by org.testng.reporters.JUnitXMLReporter -->
<testsuite ignored="0" hostname="muthugomathis-seleinumad-9oyvttmjiv2" failures="0" tests="3" name="Windows 10" time="103.927" errors="0" timestamp="22 Feb 2022 06:00:00 GMT">
  <testcase classname="com.lambdatest.Testng1" name="scenarioOne" time="0.121"/>
  <testcase classname="com.lambdatest.Testng1" name="secondScenario" time="6.019"/>
  <testcase classname="com.lambdatest.Testng1" name="thirdScenario" time="3.382"/>
</testsuite> <!-- Windows 10 -->
